<?xml version="1.0" ?>
<coverage version="7.8.0" timestamp="1744346440322" lines-valid="27" lines-covered="25" line-rate="0.9259" branches-covered="0" branches-valid="0" branch-rate="0" complexity="0">
	<!-- Generated by coverage.py: https://coverage.readthedocs.io/en/7.8.0 -->
	<!-- Based on https://raw.githubusercontent.com/cobertura/web/master/htdocs/xml/coverage-04.dtd -->
	<sources>
		<sour              [100%]

=============================== tests coverage ================================
_______________ coverage: platform win32, python 3.11.9-final-0 _______________

Coverage XML written to file coverage.xml
============================= 40 passed in 10.88s =============================
>
				</class>
				<class name="settings.py" filename="settings.py" complexity="0" line-rate="1" branch-rate="0">
					<methods/>
					<lines>
						<line number="13" hits="1"/>
						<line number="16" hits="1"/>
						<line number="23" hits="1"/>
						<line number="26" hits="1"/>
						<line number="28" hits="1"/>
						<line number="32" hits="1"/>
						<line number="45" hits="1"/>
						<line number="57" hits="1"/>
						<line number="59" hits="1"/>
						<line number="74" hits="1"/>
						<line number="80" hits="1"/>
						<line number="91" hits="1"/>
						<line number="106" hits="1"/>
						<line number="116" hits="1"/>
						<line number="122" hits="1"/>
						<line number="124" hits="1"/>
						<line number="126" hits="1"/>
						<line number="128" hits="1"/>
						<line number="134" hits="1"/>
						<line number="139" hits="1"/>
					</lines>
				</class>
				<class name="urls.py" filename="urls.py" complexity="0" line-rate="0.7143" branch-rate="0">
					<methods/>
					<lines>
						<line number="17" hits="1"/>
						<line number="18" hits="1"/>
						<line number="19" hits="1"/>
						<line number="21" hits="1"/>
						<line number="26" hits="1"/>
						<line number="27" hits="0"/>
						<line number="28" hits="0"/>
					</lines>
				</class>
			</classes>
		</package>
	</packages>
</coverage>
